2017-10-28 21:45:48.649 DEBUG 9088 --- [main] o.s.w.c.s.StandardServletEnvironment     : Adding [servletConfigInitParams] PropertySource with lowest search precedence
2017-10-28 21:45:48.659 DEBUG 9088 --- [main] o.s.w.c.s.StandardServletEnvironment     : Adding [servletContextInitParams] PropertySource with lowest search precedence
2017-10-28 21:45:48.660 DEBUG 9088 --- [main] o.s.w.c.s.StandardServletEnvironment     : Adding [systemProperties] PropertySource with lowest search precedence
2017-10-28 21:45:48.660 DEBUG 9088 --- [main] o.s.w.c.s.StandardServletEnvironment     : Adding [systemEnvironment] PropertySource with lowest search precedence
2017-10-28 21:45:48.661 DEBUG 9088 --- [main] o.s.w.c.s.StandardServletEnvironment     : Initialized StandardServletEnvironment with PropertySources [servletConfigInitParams,servletContextInitParams,systemProperties,systemEnvironment]
2017-10-28 21:45:48.845  INFO 9088 --- [main] com.journal.JournalApplication           : Starting JournalApplication v1,0-SNAPSHOT on VenD-IrtazaZaidi with PID 9088 (C:\Users\Venturedive\Documents\FYP\journal\target\journal.jar started by Venturedive in C:\Users\Venturedive\Documents\FYP\journal)
2017-10-28 21:45:48.845  INFO 9088 --- [main] com.journal.JournalApplication           : The following profiles are active: dev
2017-10-28 21:45:49.725  INFO 9088 --- [main] ationConfigEmbeddedWebApplicationContext : Refreshing org.springframework.boot.context.embedded.AnnotationConfigEmbeddedWebApplicationContext@290dbf45: startup date [Sat Oct 28 21:45:49 PKT 2017]; root of context hierarchy
2017-10-28 21:45:51.622  INFO 9088 --- [main] o.s.b.f.s.DefaultListableBeanFactory     : Overriding bean definition for bean 'requestContextFilter' with a different definition: replacing [Root bean: class [null]; scope=; abstract=false; lazyInit=false; autowireMode=3; dependencyCheck=0; autowireCandidate=true; primary=false; factoryBeanName=org.springframework.boot.autoconfigure.jersey.JerseyAutoConfiguration; factoryMethodName=requestContextFilter; initMethodName=null; destroyMethodName=(inferred); defined in class path resource [org/springframework/boot/autoconfigure/jersey/JerseyAutoConfiguration.class]] with [Root bean: class [org.springframework.boot.autoconfigure.web.WebMvcAutoConfiguration$WebMvcAutoConfigurationAdapter]; scope=; abstract=false; lazyInit=false; autowireMode=3; dependencyCheck=0; autowireCandidate=true; primary=false; factoryBeanName=null; factoryMethodName=requestContextFilter; initMethodName=null; destroyMethodName=(inferred); defined in class path resource [org/springframework/boot/autoconfigure/web/WebMvcAutoConfiguration$WebMvcAutoConfigurationAdapter.class]]
2017-10-28 21:45:52.018 DEBUG 9088 --- [main] o.s.w.c.s.StandardServletEnvironment     : Adding [applicationConfig: [classpath:/application-dev.properties]] PropertySource with search precedence immediately lower than [applicationConfigurationProperties]
2017-10-28 21:45:52.020 DEBUG 9088 --- [main] o.s.w.c.s.StandardServletEnvironment     : Adding [applicationConfig: [classpath:/application.properties]] PropertySource with search precedence immediately lower than [applicationConfig: [classpath:/application-dev.properties]]
2017-10-28 21:45:52.020 DEBUG 9088 --- [main] o.s.w.c.s.StandardServletEnvironment     : Removing [applicationConfigurationProperties] PropertySource
2017-10-28 21:45:52.021 DEBUG 9088 --- [main] o.s.w.c.s.StandardServletEnvironment     : Removing [defaultProperties] PropertySource
2017-10-28 21:45:52.127  INFO 9088 --- [main] f.a.AutowiredAnnotationBeanPostProcessor : JSR-330 'javax.inject.Inject' annotation found and supported for autowiring
2017-10-28 21:45:53.503  INFO 9088 --- [main] s.b.c.e.t.TomcatEmbeddedServletContainer : Tomcat initialized with port(s): 54728 (http)
2017-10-28 21:45:53.531  INFO 9088 --- [main] o.apache.catalina.core.StandardService   : Starting service [Tomcat]
2017-10-28 21:45:53.533  INFO 9088 --- [main] org.apache.catalina.core.StandardEngine  : Starting Servlet Engine: Apache Tomcat/8.5.15
2017-10-28 21:45:53.748  INFO 9088 --- [localhost-startStop-1] o.a.c.c.C.[Tomcat].[localhost].[/]       : Initializing Spring embedded WebApplicationContext
2017-10-28 21:45:53.749 DEBUG 9088 --- [localhost-startStop-1] o.s.web.context.ContextLoader            : Published root WebApplicationContext as ServletContext attribute with name [org.springframework.web.context.WebApplicationContext.ROOT]
2017-10-28 21:45:53.749  INFO 9088 --- [localhost-startStop-1] o.s.web.context.ContextLoader            : Root WebApplicationContext: initialization completed in 4028 ms
2017-10-28 21:45:54.159  WARN 9088 --- [localhost-startStop-1] org.reflections.Reflections              : given scan urls are empty. set urls in the configuration
2017-10-28 21:45:55.161  INFO 9088 --- [localhost-startStop-1] o.s.b.w.servlet.FilterRegistrationBean   : Mapping filter: 'characterEncodingFilter' to: [/*]
2017-10-28 21:45:55.162  INFO 9088 --- [localhost-startStop-1] o.s.b.w.servlet.FilterRegistrationBean   : Mapping filter: 'hiddenHttpMethodFilter' to: [/*]
2017-10-28 21:45:55.163  INFO 9088 --- [localhost-startStop-1] o.s.b.w.servlet.FilterRegistrationBean   : Mapping filter: 'httpPutFormContentFilter' to: [/*]
2017-10-28 21:45:55.163  INFO 9088 --- [localhost-startStop-1] o.s.b.w.servlet.FilterRegistrationBean   : Mapping filter: 'requestContextFilter' to: [/*]
2017-10-28 21:45:55.164  INFO 9088 --- [localhost-startStop-1] o.s.b.w.servlet.FilterRegistrationBean   : Mapping filter: 'jerseyFilter' to urls: [/accountStatement/*]
2017-10-28 21:45:55.164  INFO 9088 --- [localhost-startStop-1] o.s.b.w.servlet.ServletRegistrationBean  : Mapping servlet: 'dispatcherServlet' to [/]
2017-10-28 21:45:56.648 DEBUG 9088 --- [main] o.s.w.c.s.StandardServletEnvironment     : Replacing [servletContextInitParams] PropertySource with [servletContextInitParams]
2017-10-28 21:45:57.538  INFO 9088 --- [main] s.w.s.m.m.a.RequestMappingHandlerAdapter : Looking for @ControllerAdvice: org.springframework.boot.context.embedded.AnnotationConfigEmbeddedWebApplicationContext@290dbf45: startup date [Sat Oct 28 21:45:49 PKT 2017]; root of context hierarchy
2017-10-28 21:45:57.739 DEBUG 9088 --- [main] s.w.s.m.m.a.RequestMappingHandlerMapping : Looking for request mappings in application context: org.springframework.boot.context.embedded.AnnotationConfigEmbeddedWebApplicationContext@290dbf45: startup date [Sat Oct 28 21:45:49 PKT 2017]; root of context hierarchy
2017-10-28 21:45:57.765 DEBUG 9088 --- [main] s.w.s.m.m.a.RequestMappingHandlerMapping : 2 request handler methods found on class org.springframework.boot.autoconfigure.web.BasicErrorController: {public org.springframework.http.ResponseEntity org.springframework.boot.autoconfigure.web.BasicErrorController.error(javax.servlet.http.HttpServletRequest)={[/error]}, public org.springframework.web.servlet.ModelAndView org.springframework.boot.autoconfigure.web.BasicErrorController.errorHtml(javax.servlet.http.HttpServletRequest,javax.servlet.http.HttpServletResponse)={[/error],produces=[text/html]}}
2017-10-28 21:45:57.767  INFO 9088 --- [main] s.w.s.m.m.a.RequestMappingHandlerMapping : Mapped "{[/error]}" onto public org.springframework.http.ResponseEntity<java.util.Map<java.lang.String, java.lang.Object>> org.springframework.boot.autoconfigure.web.BasicErrorController.error(javax.servlet.http.HttpServletRequest)
2017-10-28 21:45:57.770  INFO 9088 --- [main] s.w.s.m.m.a.RequestMappingHandlerMapping : Mapped "{[/error],produces=[text/html]}" onto public org.springframework.web.servlet.ModelAndView org.springframework.boot.autoconfigure.web.BasicErrorController.errorHtml(javax.servlet.http.HttpServletRequest,javax.servlet.http.HttpServletResponse)
2017-10-28 21:45:57.871 DEBUG 9088 --- [main] o.s.w.s.h.BeanNameUrlHandlerMapping      : Looking for URL mappings in application context: org.springframework.boot.context.embedded.AnnotationConfigEmbeddedWebApplicationContext@290dbf45: startup date [Sat Oct 28 21:45:49 PKT 2017]; root of context hierarchy
2017-10-28 21:45:57.872 DEBUG 9088 --- [main] o.s.w.s.h.BeanNameUrlHandlerMapping      : Rejected bean name 'org.springframework.context.annotation.internalConfigurationAnnotationProcessor': no URL paths identified
2017-10-28 21:45:57.872 DEBUG 9088 --- [main] o.s.w.s.h.BeanNameUrlHandlerMapping      : Rejected bean name 'org.springframework.context.annotation.internalAutowiredAnnotationProcessor': no URL paths identified
2017-10-28 21:45:57.873 DEBUG 9088 --- [main] o.s.w.s.h.BeanNameUrlHandlerMapping      : Rejected bean name 'org.springframework.context.annotation.internalRequiredAnnotationProcessor': no URL paths identified
2017-10-28 21:45:57.873 DEBUG 9088 --- [main] o.s.w.s.h.BeanNameUrlHandlerMapping      : Rejected bean name 'org.springframework.context.annotation.internalCommonAnnotationProcessor': no URL paths identified
2017-10-28 21:45:57.873 DEBUG 9088 --- [main] o.s.w.s.h.BeanNameUrlHandlerMapping      : Rejected bean name 'org.springframework.context.event.internalEventListenerProcessor': no URL paths identified
2017-10-28 21:45:57.873 DEBUG 9088 --- [main] o.s.w.s.h.BeanNameUrlHandlerMapping      : Rejected bean name 'org.springframework.context.event.internalEventListenerFactory': no URL paths identified
2017-10-28 21:45:57.876 DEBUG 9088 --- [main] o.s.w.s.h.BeanNameUrlHandlerMapping      : Rejected bean name 'journalApplication': no URL paths identified
2017-10-28 21:45:57.876 DEBUG 9088 --- [main] o.s.w.s.h.BeanNameUrlHandlerMapping      : Rejected bean name 'org.springframework.boot.autoconfigure.internalCachingMetadataReaderFactory': no URL paths identified
2017-10-28 21:45:57.876 DEBUG 9088 --- [main] o.s.w.s.h.BeanNameUrlHandlerMapping      : Rejected bean name 'jerseyConfig': no URL paths identified
2017-10-28 21:45:57.876 DEBUG 9088 --- [main] o.s.w.s.h.BeanNameUrlHandlerMapping      : Rejected bean name 'endpoint': no URL paths identified
2017-10-28 21:45:57.876 DEBUG 9088 --- [main] o.s.w.s.h.BeanNameUrlHandlerMapping      : Rejected bean name 'entityHelper': no URL paths identified
2017-10-28 21:45:57.876 DEBUG 9088 --- [main] o.s.w.s.h.BeanNameUrlHandlerMapping      : Rejected bean name 'fileServiceClient': no URL paths identified
2017-10-28 21:45:57.877 DEBUG 9088 --- [main] o.s.w.s.h.BeanNameUrlHandlerMapping      : Rejected bean name 'globalConstants': no URL paths identified
2017-10-28 21:45:57.878 DEBUG 9088 --- [main] o.s.w.s.h.BeanNameUrlHandlerMapping      : Rejected bean name 'org.springframework.boot.autoconfigure.AutoConfigurationPackages': no URL paths identified
2017-10-28 21:45:57.878 DEBUG 9088 --- [main] o.s.w.s.h.BeanNameUrlHandlerMapping      : Rejected bean name 'org.springframework.boot.autoconfigure.context.PropertyPlaceholderAutoConfiguration': no URL paths identified
2017-10-28 21:45:57.878 DEBUG 9088 --- [main] o.s.w.s.h.BeanNameUrlHandlerMapping      : Rejected bean name 'org.springframework.boot.autoconfigure.condition.BeanTypeRegistry': no URL paths identified
2017-10-28 21:45:57.878 DEBUG 9088 --- [main] o.s.w.s.h.BeanNameUrlHandlerMapping      : Rejected bean name 'propertySourcesPlaceholderConfigurer': no URL paths identified
2017-10-28 21:45:57.879 DEBUG 9088 --- [main] o.s.w.s.h.BeanNameUrlHandlerMapping      : Rejected bean name 'org.springframework.boot.autoconfigure.jackson.JacksonAutoConfiguration$Jackson2ObjectMapperBuilderCustomizerConfiguration': no URL paths identified
2017-10-28 21:45:57.879 DEBUG 9088 --- [main] o.s.w.s.h.BeanNameUrlHandlerMapping      : Rejected bean name 'standardJacksonObjectMapperBuilderCustomizer': no URL paths identified
2017-10-28 21:45:57.879 DEBUG 9088 --- [main] o.s.w.s.h.BeanNameUrlHandlerMapping      : Rejected bean name 'spring.jackson-org.springframework.boot.autoconfigure.jackson.JacksonProperties': no URL paths identified
2017-10-28 21:45:57.879 DEBUG 9088 --- [main] o.s.w.s.h.BeanNameUrlHandlerMapping      : Rejected bean name 'org.springframework.boot.context.properties.ConfigurationPropertiesBindingPostProcessor': no URL paths identified
2017-10-28 21:45:57.879 DEBUG 9088 --- [main] o.s.w.s.h.BeanNameUrlHandlerMapping      : Rejected bean name 'org.springframework.boot.context.properties.ConfigurationPropertiesBindingPostProcessor.store': no URL paths identified
2017-10-28 21:45:57.879 DEBUG 9088 --- [main] o.s.w.s.h.BeanNameUrlHandlerMapping      : Rejected bean name 'org.springframework.boot.autoconfigure.jackson.JacksonAutoConfiguration$JacksonObjectMapperBuilderConfiguration': no URL paths identified
2017-10-28 21:45:57.879 DEBUG 9088 --- [main] o.s.w.s.h.BeanNameUrlHandlerMapping      : Rejected bean name 'jacksonObjectMapperBuilder': no URL paths identified
2017-10-28 21:45:57.879 DEBUG 9088 --- [main] o.s.w.s.h.BeanNameUrlHandlerMapping      : Rejected bean name 'org.springframework.boot.autoconfigure.jackson.JacksonAutoConfiguration$JodaDateTimeJacksonConfiguration': no URL paths identified
2017-10-28 21:45:57.879 DEBUG 9088 --- [main] o.s.w.s.h.BeanNameUrlHandlerMapping      : Rejected bean name 'jodaDateTimeSerializationModule': no URL paths identified
2017-10-28 21:45:57.880 DEBUG 9088 --- [main] o.s.w.s.h.BeanNameUrlHandlerMapping      : Rejected bean name 'org.springframework.boot.autoconfigure.jackson.JacksonAutoConfiguration$JacksonObjectMapperConfiguration': no URL paths identified
2017-10-28 21:45:57.880 DEBUG 9088 --- [main] o.s.w.s.h.BeanNameUrlHandlerMapping      : Rejected bean name 'jacksonObjectMapper': no URL paths identified
2017-10-28 21:45:57.880 DEBUG 9088 --- [main] o.s.w.s.h.BeanNameUrlHandlerMapping      : Rejected bean name 'org.springframework.boot.autoconfigure.jackson.JacksonAutoConfiguration': no URL paths identified
2017-10-28 21:45:57.880 DEBUG 9088 --- [main] o.s.w.s.h.BeanNameUrlHandlerMapping      : Rejected bean name 'jsonComponentModule': no URL paths identified
2017-10-28 21:45:57.881 DEBUG 9088 --- [main] o.s.w.s.h.BeanNameUrlHandlerMapping      : Rejected bean name 'org.springframework.boot.autoconfigure.jersey.JerseyAutoConfiguration$JacksonResourceConfigCustomizer': no URL paths identified
2017-10-28 21:45:57.882 DEBUG 9088 --- [main] o.s.w.s.h.BeanNameUrlHandlerMapping      : Rejected bean name 'resourceConfigCustomizer': no URL paths identified
2017-10-28 21:45:57.882 DEBUG 9088 --- [main] o.s.w.s.h.BeanNameUrlHandlerMapping      : Rejected bean name 'org.springframework.boot.autoconfigure.jersey.JerseyAutoConfiguration': no URL paths identified
2017-10-28 21:45:57.882 DEBUG 9088 --- [main] o.s.w.s.h.BeanNameUrlHandlerMapping      : Rejected bean name 'requestContextFilter': no URL paths identified
2017-10-28 21:45:57.882 DEBUG 9088 --- [main] o.s.w.s.h.BeanNameUrlHandlerMapping      : Rejected bean name 'jerseyFilterRegistration': no URL paths identified
2017-10-28 21:45:57.882 DEBUG 9088 --- [main] o.s.w.s.h.BeanNameUrlHandlerMapping      : Rejected bean name 'spring.jersey-org.springframework.boot.autoconfigure.jersey.JerseyProperties': no URL paths identified
2017-10-28 21:45:57.882 DEBUG 9088 --- [main] o.s.w.s.h.BeanNameUrlHandlerMapping      : Rejected bean name 'org.springframework.boot.autoconfigure.websocket.WebSocketAutoConfiguration$TomcatWebSocketConfiguration': no URL paths identified
2017-10-28 21:45:57.882 DEBUG 9088 --- [main] o.s.w.s.h.BeanNameUrlHandlerMapping      : Rejected bean name 'websocketContainerCustomizer': no URL paths identified
2017-10-28 21:45:57.882 DEBUG 9088 --- [main] o.s.w.s.h.BeanNameUrlHandlerMapping      : Rejected bean name 'org.springframework.boot.autoconfigure.websocket.WebSocketAutoConfiguration': no URL paths identified
2017-10-28 21:45:57.882 DEBUG 9088 --- [main] o.s.w.s.h.BeanNameUrlHandlerMapping      : Rejected bean name 'org.springframework.boot.autoconfigure.web.EmbeddedServletContainerAutoConfiguration$EmbeddedTomcat': no URL paths identified
2017-10-28 21:45:57.882 DEBUG 9088 --- [main] o.s.w.s.h.BeanNameUrlHandlerMapping      : Rejected bean name 'tomcatEmbeddedServletContainerFactory': no URL paths identified
2017-10-28 21:45:57.883 DEBUG 9088 --- [main] o.s.w.s.h.BeanNameUrlHandlerMapping      : Rejected bean name 'org.springframework.boot.autoconfigure.web.EmbeddedServletContainerAutoConfiguration': no URL paths identified
2017-10-28 21:45:57.883 DEBUG 9088 --- [main] o.s.w.s.h.BeanNameUrlHandlerMapping      : Rejected bean name 'embeddedServletContainerCustomizerBeanPostProcessor': no URL paths identified
2017-10-28 21:45:57.883 DEBUG 9088 --- [main] o.s.w.s.h.BeanNameUrlHandlerMapping      : Rejected bean name 'errorPageRegistrarBeanPostProcessor': no URL paths identified
2017-10-28 21:45:57.883 DEBUG 9088 --- [main] o.s.w.s.h.BeanNameUrlHandlerMapping      : Rejected bean name 'org.springframework.boot.autoconfigure.web.DispatcherServletAutoConfiguration$DispatcherServletConfiguration': no URL paths identified
2017-10-28 21:45:57.883 DEBUG 9088 --- [main] o.s.w.s.h.BeanNameUrlHandlerMapping      : Rejected bean name 'dispatcherServlet': no URL paths identified
2017-10-28 21:45:57.883 DEBUG 9088 --- [main] o.s.w.s.h.BeanNameUrlHandlerMapping      : Rejected bean name 'spring.mvc-org.springframework.boot.autoconfigure.web.WebMvcProperties': no URL paths identified
2017-10-28 21:45:57.883 DEBUG 9088 --- [main] o.s.w.s.h.BeanNameUrlHandlerMapping      : Rejected bean name 'org.springframework.boot.autoconfigure.web.DispatcherServletAutoConfiguration$DispatcherServletRegistrationConfiguration': no URL paths identified
2017-10-28 21:45:57.883 DEBUG 9088 --- [main] o.s.w.s.h.BeanNameUrlHandlerMapping      : Rejected bean name 'dispatcherServletRegistration': no URL paths identified
2017-10-28 21:45:57.883 DEBUG 9088 --- [main] o.s.w.s.h.BeanNameUrlHandlerMapping      : Rejected bean name 'org.springframework.boot.autoconfigure.web.DispatcherServletAutoConfiguration': no URL paths identified
2017-10-28 21:45:57.883 DEBUG 9088 --- [main] o.s.w.s.h.BeanNameUrlHandlerMapping      : Rejected bean name 'org.springframework.boot.autoconfigure.validation.ValidationAutoConfiguration': no URL paths identified
2017-10-28 21:45:57.884 DEBUG 9088 --- [main] o.s.w.s.h.BeanNameUrlHandlerMapping      : Rejected bean name 'defaultValidator': no URL paths identified
2017-10-28 21:45:57.885 DEBUG 9088 --- [main] o.s.w.s.h.BeanNameUrlHandlerMapping      : Rejected bean name 'methodValidationPostProcessor': no URL paths identified
2017-10-28 21:45:57.885 DEBUG 9088 --- [main] o.s.w.s.h.BeanNameUrlHandlerMapping      : Rejected bean name 'org.springframework.boot.autoconfigure.web.ErrorMvcAutoConfiguration$WhitelabelErrorViewConfiguration': no URL paths identified
2017-10-28 21:45:57.885 DEBUG 9088 --- [main] o.s.w.s.h.BeanNameUrlHandlerMapping      : Rejected bean name 'error': no URL paths identified
2017-10-28 21:45:57.885 DEBUG 9088 --- [main] o.s.w.s.h.BeanNameUrlHandlerMapping      : Rejected bean name 'beanNameViewResolver': no URL paths identified
2017-10-28 21:45:57.885 DEBUG 9088 --- [main] o.s.w.s.h.BeanNameUrlHandlerMapping      : Rejected bean name 'org.springframework.boot.autoconfigure.web.ErrorMvcAutoConfiguration$DefaultErrorViewResolverConfiguration': no URL paths identified
2017-10-28 21:45:57.885 DEBUG 9088 --- [main] o.s.w.s.h.BeanNameUrlHandlerMapping      : Rejected bean name 'conventionErrorViewResolver': no URL paths identified
2017-10-28 21:45:57.885 DEBUG 9088 --- [main] o.s.w.s.h.BeanNameUrlHandlerMapping      : Rejected bean name 'org.springframework.boot.autoconfigure.web.ErrorMvcAutoConfiguration': no URL paths identified
2017-10-28 21:45:57.885 DEBUG 9088 --- [main] o.s.w.s.h.BeanNameUrlHandlerMapping      : Rejected bean name 'errorAttributes': no URL paths identified
2017-10-28 21:45:57.885 DEBUG 9088 --- [main] o.s.w.s.h.BeanNameUrlHandlerMapping      : Rejected bean name 'basicErrorController': no URL paths identified
2017-10-28 21:45:57.885 DEBUG 9088 --- [main] o.s.w.s.h.BeanNameUrlHandlerMapping      : Rejected bean name 'errorPageCustomizer': no URL paths identified
2017-10-28 21:45:57.886 DEBUG 9088 --- [main] o.s.w.s.h.BeanNameUrlHandlerMapping      : Rejected bean name 'preserveErrorControllerTargetClassPostProcessor': no URL paths identified
2017-10-28 21:45:57.886 DEBUG 9088 --- [main] o.s.w.s.h.BeanNameUrlHandlerMapping      : Rejected bean name 'spring.resources-org.springframework.boot.autoconfigure.web.ResourceProperties': no URL paths identified
2017-10-28 21:45:57.886 DEBUG 9088 --- [main] o.s.w.s.h.BeanNameUrlHandlerMapping      : Rejected bean name 'org.springframework.boot.autoconfigure.web.WebMvcAutoConfiguration$EnableWebMvcConfiguration': no URL paths identified
2017-10-28 21:45:57.886 DEBUG 9088 --- [main] o.s.w.s.h.BeanNameUrlHandlerMapping      : Rejected bean name 'requestMappingHandlerAdapter': no URL paths identified
2017-10-28 21:45:57.886 DEBUG 9088 --- [main] o.s.w.s.h.BeanNameUrlHandlerMapping      : Rejected bean name 'requestMappingHandlerMapping': no URL paths identified
2017-10-28 21:45:57.886 DEBUG 9088 --- [main] o.s.w.s.h.BeanNameUrlHandlerMapping      : Rejected bean name 'mvcValidator': no URL paths identified
2017-10-28 21:45:57.886 DEBUG 9088 --- [main] o.s.w.s.h.BeanNameUrlHandlerMapping      : Rejected bean name 'mvcContentNegotiationManager': no URL paths identified
2017-10-28 21:45:57.886 DEBUG 9088 --- [main] o.s.w.s.h.BeanNameUrlHandlerMapping      : Rejected bean name 'mvcPathMatcher': no URL paths identified
2017-10-28 21:45:57.886 DEBUG 9088 --- [main] o.s.w.s.h.BeanNameUrlHandlerMapping      : Rejected bean name 'mvcUrlPathHelper': no URL paths identified
2017-10-28 21:45:57.886 DEBUG 9088 --- [main] o.s.w.s.h.BeanNameUrlHandlerMapping      : Rejected bean name 'viewControllerHandlerMapping': no URL paths identified
2017-10-28 21:45:57.886 DEBUG 9088 --- [main] o.s.w.s.h.BeanNameUrlHandlerMapping      : Rejected bean name 'beanNameHandlerMapping': no URL paths identified
2017-10-28 21:45:57.886 DEBUG 9088 --- [main] o.s.w.s.h.BeanNameUrlHandlerMapping      : Rejected bean name 'resourceHandlerMapping': no URL paths identified
2017-10-28 21:45:57.891 DEBUG 9088 --- [main] o.s.w.s.h.BeanNameUrlHandlerMapping      : Rejected bean name 'mvcResourceUrlProvider': no URL paths identified
2017-10-28 21:45:57.891 DEBUG 9088 --- [main] o.s.w.s.h.BeanNameUrlHandlerMapping      : Rejected bean name 'defaultServletHandlerMapping': no URL paths identified
2017-10-28 21:45:57.892 DEBUG 9088 --- [main] o.s.w.s.h.BeanNameUrlHandlerMapping      : Rejected bean name 'mvcConversionService': no URL paths identified
2017-10-28 21:45:57.892 DEBUG 9088 --- [main] o.s.w.s.h.BeanNameUrlHandlerMapping      : Rejected bean name 'mvcUriComponentsContributor': no URL paths identified
2017-10-28 21:45:57.892 DEBUG 9088 --- [main] o.s.w.s.h.BeanNameUrlHandlerMapping      : Rejected bean name 'httpRequestHandlerAdapter': no URL paths identified
2017-10-28 21:45:57.892 DEBUG 9088 --- [main] o.s.w.s.h.BeanNameUrlHandlerMapping      : Rejected bean name 'simpleControllerHandlerAdapter': no URL paths identified
2017-10-28 21:45:57.892 DEBUG 9088 --- [main] o.s.w.s.h.BeanNameUrlHandlerMapping      : Rejected bean name 'handlerExceptionResolver': no URL paths identified
2017-10-28 21:45:57.892 DEBUG 9088 --- [main] o.s.w.s.h.BeanNameUrlHandlerMapping      : Rejected bean name 'mvcViewResolver': no URL paths identified
2017-10-28 21:45:57.892 DEBUG 9088 --- [main] o.s.w.s.h.BeanNameUrlHandlerMapping      : Rejected bean name 'org.springframework.boot.autoconfigure.web.WebMvcAutoConfiguration$WebMvcAutoConfigurationAdapter$FaviconConfiguration': no URL paths identified
2017-10-28 21:45:57.892 DEBUG 9088 --- [main] o.s.w.s.h.BeanNameUrlHandlerMapping      : Rejected bean name 'faviconHandlerMapping': no URL paths identified
2017-10-28 21:45:57.892 DEBUG 9088 --- [main] o.s.w.s.h.BeanNameUrlHandlerMapping      : Rejected bean name 'faviconRequestHandler': no URL paths identified
2017-10-28 21:45:57.892 DEBUG 9088 --- [main] o.s.w.s.h.BeanNameUrlHandlerMapping      : Rejected bean name 'org.springframework.boot.autoconfigure.web.WebMvcAutoConfiguration$WebMvcAutoConfigurationAdapter': no URL paths identified
2017-10-28 21:45:57.892 DEBUG 9088 --- [main] o.s.w.s.h.BeanNameUrlHandlerMapping      : Rejected bean name 'defaultViewResolver': no URL paths identified
2017-10-28 21:45:57.892 DEBUG 9088 --- [main] o.s.w.s.h.BeanNameUrlHandlerMapping      : Rejected bean name 'viewResolver': no URL paths identified
2017-10-28 21:45:57.892 DEBUG 9088 --- [main] o.s.w.s.h.BeanNameUrlHandlerMapping      : Rejected bean name 'welcomePageHandlerMapping': no URL paths identified
2017-10-28 21:45:57.892 DEBUG 9088 --- [main] o.s.w.s.h.BeanNameUrlHandlerMapping      : Rejected bean name 'org.springframework.boot.autoconfigure.web.WebMvcAutoConfiguration': no URL paths identified
2017-10-28 21:45:57.892 DEBUG 9088 --- [main] o.s.w.s.h.BeanNameUrlHandlerMapping      : Rejected bean name 'hiddenHttpMethodFilter': no URL paths identified
2017-10-28 21:45:57.892 DEBUG 9088 --- [main] o.s.w.s.h.BeanNameUrlHandlerMapping      : Rejected bean name 'httpPutFormContentFilter': no URL paths identified
2017-10-28 21:45:57.893 DEBUG 9088 --- [main] o.s.w.s.h.BeanNameUrlHandlerMapping      : Rejected bean name 'org.springframework.boot.autoconfigure.jmx.JmxAutoConfiguration': no URL paths identified
2017-10-28 21:45:57.893 DEBUG 9088 --- [main] o.s.w.s.h.BeanNameUrlHandlerMapping      : Rejected bean name 'mbeanExporter': no URL paths identified
2017-10-28 21:45:57.893 DEBUG 9088 --- [main] o.s.w.s.h.BeanNameUrlHandlerMapping      : Rejected bean name 'objectNamingStrategy': no URL paths identified
2017-10-28 21:45:57.894 DEBUG 9088 --- [main] o.s.w.s.h.BeanNameUrlHandlerMapping      : Rejected bean name 'mbeanServer': no URL paths identified
2017-10-28 21:45:57.894 DEBUG 9088 --- [main] o.s.w.s.h.BeanNameUrlHandlerMapping      : Rejected bean name 'org.springframework.boot.autoconfigure.context.ConfigurationPropertiesAutoConfiguration': no URL paths identified
2017-10-28 21:45:57.894 DEBUG 9088 --- [main] o.s.w.s.h.BeanNameUrlHandlerMapping      : Rejected bean name 'org.springframework.boot.autoconfigure.web.HttpMessageConvertersAutoConfiguration$StringHttpMessageConverterConfiguration': no URL paths identified
2017-10-28 21:45:57.894 DEBUG 9088 --- [main] o.s.w.s.h.BeanNameUrlHandlerMapping      : Rejected bean name 'stringHttpMessageConverter': no URL paths identified
2017-10-28 21:45:57.894 DEBUG 9088 --- [main] o.s.w.s.h.BeanNameUrlHandlerMapping      : Rejected bean name 'spring.http.encoding-org.springframework.boot.autoconfigure.web.HttpEncodingProperties': no URL paths identified
2017-10-28 21:45:57.894 DEBUG 9088 --- [main] o.s.w.s.h.BeanNameUrlHandlerMapping      : Rejected bean name 'org.springframework.boot.autoconfigure.web.JacksonHttpMessageConvertersConfiguration$MappingJackson2XmlHttpMessageConverterConfiguration': no URL paths identified
2017-10-28 21:45:57.895 DEBUG 9088 --- [main] o.s.w.s.h.BeanNameUrlHandlerMapping      : Rejected bean name 'mappingJackson2XmlHttpMessageConverter': no URL paths identified
2017-10-28 21:45:57.895 DEBUG 9088 --- [main] o.s.w.s.h.BeanNameUrlHandlerMapping      : Rejected bean name 'org.springframework.boot.autoconfigure.web.JacksonHttpMessageConvertersConfiguration$MappingJackson2HttpMessageConverterConfiguration': no URL paths identified
2017-10-28 21:45:57.895 DEBUG 9088 --- [main] o.s.w.s.h.BeanNameUrlHandlerMapping      : Rejected bean name 'mappingJackson2HttpMessageConverter': no URL paths identified
2017-10-28 21:45:57.895 DEBUG 9088 --- [main] o.s.w.s.h.BeanNameUrlHandlerMapping      : Rejected bean name 'org.springframework.boot.autoconfigure.web.JacksonHttpMessageConvertersConfiguration': no URL paths identified
2017-10-28 21:45:57.895 DEBUG 9088 --- [main] o.s.w.s.h.BeanNameUrlHandlerMapping      : Rejected bean name 'org.springframework.boot.autoconfigure.web.HttpMessageConvertersAutoConfiguration': no URL paths identified
2017-10-28 21:45:57.895 DEBUG 9088 --- [main] o.s.w.s.h.BeanNameUrlHandlerMapping      : Rejected bean name 'messageConverters': no URL paths identified
2017-10-28 21:45:57.895 DEBUG 9088 --- [main] o.s.w.s.h.BeanNameUrlHandlerMapping      : Rejected bean name 'org.springframework.boot.autoconfigure.info.ProjectInfoAutoConfiguration': no URL paths identified
2017-10-28 21:45:57.895 DEBUG 9088 --- [main] o.s.w.s.h.BeanNameUrlHandlerMapping      : Rejected bean name 'spring.info-org.springframework.boot.autoconfigure.info.ProjectInfoProperties': no URL paths identified
2017-10-28 21:45:57.895 DEBUG 9088 --- [main] o.s.w.s.h.BeanNameUrlHandlerMapping      : Rejected bean name 'org.springframework.boot.autoconfigure.thymeleaf.ThymeleafAutoConfiguration$ThymeleafResourceHandlingConfig': no URL paths identified
2017-10-28 21:45:57.895 DEBUG 9088 --- [main] o.s.w.s.h.BeanNameUrlHandlerMapping      : Rejected bean name 'org.springframework.boot.autoconfigure.thymeleaf.ThymeleafAutoConfiguration$ThymeleafWebLayoutConfiguration': no URL paths identified
2017-10-28 21:45:57.895 DEBUG 9088 --- [main] o.s.w.s.h.BeanNameUrlHandlerMapping      : Rejected bean name 'layoutDialect': no URL paths identified
2017-10-28 21:45:57.896 DEBUG 9088 --- [main] o.s.w.s.h.BeanNameUrlHandlerMapping      : Rejected bean name 'org.springframework.boot.autoconfigure.thymeleaf.ThymeleafAutoConfiguration$ThymeleafDefaultConfiguration': no URL paths identified
2017-10-28 21:45:57.896 DEBUG 9088 --- [main] o.s.w.s.h.BeanNameUrlHandlerMapping      : Rejected bean name 'templateEngine': no URL paths identified
2017-10-28 21:45:57.896 DEBUG 9088 --- [main] o.s.w.s.h.BeanNameUrlHandlerMapping      : Rejected bean name 'org.springframework.boot.autoconfigure.thymeleaf.ThymeleafAutoConfiguration$Thymeleaf2Configuration$Thymeleaf2ViewResolverConfiguration': no URL paths identified
2017-10-28 21:45:57.896 DEBUG 9088 --- [main] o.s.w.s.h.BeanNameUrlHandlerMapping      : Rejected bean name 'thymeleafViewResolver': no URL paths identified
2017-10-28 21:45:57.896 DEBUG 9088 --- [main] o.s.w.s.h.BeanNameUrlHandlerMapping      : Rejected bean name 'org.springframework.boot.autoconfigure.thymeleaf.ThymeleafAutoConfiguration$Thymeleaf2Configuration$DefaultTemplateResolverConfiguration': no URL paths identified
2017-10-28 21:45:57.896 DEBUG 9088 --- [main] o.s.w.s.h.BeanNameUrlHandlerMapping      : Rejected bean name 'thymeleafResourceResolver': no URL paths identified
2017-10-28 21:45:57.896 DEBUG 9088 --- [main] o.s.w.s.h.BeanNameUrlHandlerMapping      : Rejected bean name 'defaultTemplateResolver': no URL paths identified
2017-10-28 21:45:57.896 DEBUG 9088 --- [main] o.s.w.s.h.BeanNameUrlHandlerMapping      : Rejected bean name 'org.springframework.boot.autoconfigure.thymeleaf.ThymeleafAutoConfiguration$Thymeleaf2Configuration': no URL paths identified
2017-10-28 21:45:57.896 DEBUG 9088 --- [main] o.s.w.s.h.BeanNameUrlHandlerMapping      : Rejected bean name 'org.springframework.boot.autoconfigure.thymeleaf.ThymeleafAutoConfiguration': no URL paths identified
2017-10-28 21:45:57.896 DEBUG 9088 --- [main] o.s.w.s.h.BeanNameUrlHandlerMapping      : Rejected bean name 'spring.thymeleaf-org.springframework.boot.autoconfigure.thymeleaf.ThymeleafProperties': no URL paths identified
2017-10-28 21:45:57.896 DEBUG 9088 --- [main] o.s.w.s.h.BeanNameUrlHandlerMapping      : Rejected bean name 'org.springframework.boot.autoconfigure.web.HttpEncodingAutoConfiguration': no URL paths identified
2017-10-28 21:45:57.896 DEBUG 9088 --- [main] o.s.w.s.h.BeanNameUrlHandlerMapping      : Rejected bean name 'characterEncodingFilter': no URL paths identified
2017-10-28 21:45:57.897 DEBUG 9088 --- [main] o.s.w.s.h.BeanNameUrlHandlerMapping      : Rejected bean name 'localeCharsetMappingsCustomizer': no URL paths identified
2017-10-28 21:45:57.897 DEBUG 9088 --- [main] o.s.w.s.h.BeanNameUrlHandlerMapping      : Rejected bean name 'org.springframework.boot.autoconfigure.web.MultipartAutoConfiguration': no URL paths identified
2017-10-28 21:45:57.897 DEBUG 9088 --- [main] o.s.w.s.h.BeanNameUrlHandlerMapping      : Rejected bean name 'multipartConfigElement': no URL paths identified
2017-10-28 21:45:57.897 DEBUG 9088 --- [main] o.s.w.s.h.BeanNameUrlHandlerMapping      : Rejected bean name 'multipartResolver': no URL paths identified
2017-10-28 21:45:57.897 DEBUG 9088 --- [main] o.s.w.s.h.BeanNameUrlHandlerMapping      : Rejected bean name 'spring.http.multipart-org.springframework.boot.autoconfigure.web.MultipartProperties': no URL paths identified
2017-10-28 21:45:57.897 DEBUG 9088 --- [main] o.s.w.s.h.BeanNameUrlHandlerMapping      : Rejected bean name 'org.springframework.boot.autoconfigure.web.ServerPropertiesAutoConfiguration': no URL paths identified
2017-10-28 21:45:57.897 DEBUG 9088 --- [main] o.s.w.s.h.BeanNameUrlHandlerMapping      : Rejected bean name 'serverProperties': no URL paths identified
2017-10-28 21:45:57.897 DEBUG 9088 --- [main] o.s.w.s.h.BeanNameUrlHandlerMapping      : Rejected bean name 'duplicateServerPropertiesDetector': no URL paths identified
2017-10-28 21:45:57.897 DEBUG 9088 --- [main] o.s.w.s.h.BeanNameUrlHandlerMapping      : Rejected bean name 'org.springframework.boot.autoconfigure.web.WebClientAutoConfiguration$RestTemplateConfiguration': no URL paths identified
2017-10-28 21:45:57.897 DEBUG 9088 --- [main] o.s.w.s.h.BeanNameUrlHandlerMapping      : Rejected bean name 'restTemplateBuilder': no URL paths identified
2017-10-28 21:45:57.897 DEBUG 9088 --- [main] o.s.w.s.h.BeanNameUrlHandlerMapping      : Rejected bean name 'org.springframework.boot.autoconfigure.web.WebClientAutoConfiguration': no URL paths identified
2017-10-28 21:45:57.898 DEBUG 9088 --- [main] o.s.w.s.h.BeanNameUrlHandlerMapping      : Rejected bean name 'autoConfigurationReport': no URL paths identified
2017-10-28 21:45:57.899 DEBUG 9088 --- [main] o.s.w.s.h.BeanNameUrlHandlerMapping      : Rejected bean name 'springApplicationArguments': no URL paths identified
2017-10-28 21:45:57.899 DEBUG 9088 --- [main] o.s.w.s.h.BeanNameUrlHandlerMapping      : Rejected bean name 'springBootBanner': no URL paths identified
2017-10-28 21:45:57.899 DEBUG 9088 --- [main] o.s.w.s.h.BeanNameUrlHandlerMapping      : Rejected bean name 'springBootLoggingSystem': no URL paths identified
2017-10-28 21:45:57.899 DEBUG 9088 --- [main] o.s.w.s.h.BeanNameUrlHandlerMapping      : Rejected bean name 'environment': no URL paths identified
2017-10-28 21:45:57.899 DEBUG 9088 --- [main] o.s.w.s.h.BeanNameUrlHandlerMapping      : Rejected bean name 'systemProperties': no URL paths identified
2017-10-28 21:45:57.899 DEBUG 9088 --- [main] o.s.w.s.h.BeanNameUrlHandlerMapping      : Rejected bean name 'systemEnvironment': no URL paths identified
2017-10-28 21:45:57.899 DEBUG 9088 --- [main] o.s.w.s.h.BeanNameUrlHandlerMapping      : Rejected bean name 'org.springframework.context.annotation.ConfigurationClassPostProcessor.importRegistry': no URL paths identified
2017-10-28 21:45:57.899 DEBUG 9088 --- [main] o.s.w.s.h.BeanNameUrlHandlerMapping      : Rejected bean name 'messageSource': no URL paths identified
2017-10-28 21:45:57.899 DEBUG 9088 --- [main] o.s.w.s.h.BeanNameUrlHandlerMapping      : Rejected bean name 'applicationEventMulticaster': no URL paths identified
2017-10-28 21:45:57.899 DEBUG 9088 --- [main] o.s.w.s.h.BeanNameUrlHandlerMapping      : Rejected bean name 'servletContext': no URL paths identified
2017-10-28 21:45:57.899 DEBUG 9088 --- [main] o.s.w.s.h.BeanNameUrlHandlerMapping      : Rejected bean name 'contextParameters': no URL paths identified
2017-10-28 21:45:57.899 DEBUG 9088 --- [main] o.s.w.s.h.BeanNameUrlHandlerMapping      : Rejected bean name 'contextAttributes': no URL paths identified
2017-10-28 21:45:57.938  INFO 9088 --- [main] o.s.w.s.handler.SimpleUrlHandlerMapping  : Mapped URL path [/webjars/**] onto handler of type [class org.springframework.web.servlet.resource.ResourceHttpRequestHandler]
2017-10-28 21:45:57.938  INFO 9088 --- [main] o.s.w.s.handler.SimpleUrlHandlerMapping  : Mapped URL path [/**] onto handler of type [class org.springframework.web.servlet.resource.ResourceHttpRequestHandler]
2017-10-28 21:45:58.044 DEBUG 9088 --- [main] .m.m.a.ExceptionHandlerExceptionResolver : Looking for exception mappings: org.springframework.boot.context.embedded.AnnotationConfigEmbeddedWebApplicationContext@290dbf45: startup date [Sat Oct 28 21:45:49 PKT 2017]; root of context hierarchy
2017-10-28 21:45:58.157  INFO 9088 --- [main] o.s.w.s.handler.SimpleUrlHandlerMapping  : Mapped URL path [/**/favicon.ico] onto handler of type [class org.springframework.web.servlet.resource.ResourceHttpRequestHandler]
2017-10-28 21:45:59.659  INFO 9088 --- [main] o.s.j.e.a.AnnotationMBeanExporter        : Registering beans for JMX exposure on startup
2017-10-28 21:45:59.674 DEBUG 9088 --- [main] o.s.w.s.resource.ResourceUrlProvider     : Looking for resource handler mappings
2017-10-28 21:45:59.675 DEBUG 9088 --- [main] o.s.w.s.resource.ResourceUrlProvider     : Found resource handler mapping: URL pattern="/**/favicon.ico", locations=[ServletContext resource [/], class path resource [META-INF/resources/], class path resource [resources/], class path resource [static/], class path resource [public/], class path resource []], resolvers=[org.springframework.web.servlet.resource.PathResourceResolver@55b5f5d2]
2017-10-28 21:45:59.675 DEBUG 9088 --- [main] o.s.w.s.resource.ResourceUrlProvider     : Found resource handler mapping: URL pattern="/webjars/**", locations=[class path resource [META-INF/resources/webjars/]], resolvers=[org.springframework.web.servlet.resource.PathResourceResolver@5bfa8cc5]
2017-10-28 21:45:59.675 DEBUG 9088 --- [main] o.s.w.s.resource.ResourceUrlProvider     : Found resource handler mapping: URL pattern="/**", locations=[ServletContext resource [/], class path resource [META-INF/resources/], class path resource [resources/], class path resource [static/], class path resource [public/]], resolvers=[org.springframework.web.servlet.resource.PathResourceResolver@666b83a4]
2017-10-28 21:45:59.807  INFO 9088 --- [main] s.b.c.e.t.TomcatEmbeddedServletContainer : Tomcat started on port(s): 54728 (http)
2017-10-28 21:45:59.810 DEBUG 9088 --- [main] o.s.w.c.s.StandardServletEnvironment     : Adding [server.ports] PropertySource with highest search precedence
2017-10-28 21:45:59.820  INFO 9088 --- [main] com.journal.JournalApplication           : Started JournalApplication in 11.949 seconds (JVM running for 12.896)
2017-10-28 21:47:01.001 DEBUG 9088 --- [http-nio-54728-exec-1] o.s.web.servlet.DispatcherServlet        : Initializing servlet 'dispatcherServlet'
2017-10-28 21:47:01.002  INFO 9088 --- [http-nio-54728-exec-1] o.a.c.c.C.[Tomcat].[localhost].[/]       : Initializing Spring FrameworkServlet 'dispatcherServlet'
2017-10-28 21:47:01.003  INFO 9088 --- [http-nio-54728-exec-1] o.s.web.servlet.DispatcherServlet        : FrameworkServlet 'dispatcherServlet': initialization started
2017-10-28 21:47:01.003 DEBUG 9088 --- [http-nio-54728-exec-1] o.s.web.servlet.DispatcherServlet        : Using MultipartResolver [org.springframework.web.multipart.support.StandardServletMultipartResolver@19101e1d]
2017-10-28 21:47:01.015 DEBUG 9088 --- [http-nio-54728-exec-1] o.s.web.servlet.DispatcherServlet        : Unable to locate LocaleResolver with name 'localeResolver': using default [org.springframework.web.servlet.i18n.AcceptHeaderLocaleResolver@5641bdb8]
2017-10-28 21:47:01.036 DEBUG 9088 --- [http-nio-54728-exec-1] o.s.web.servlet.DispatcherServlet        : Unable to locate ThemeResolver with name 'themeResolver': using default [org.springframework.web.servlet.theme.FixedThemeResolver@441a4f5c]
2017-10-28 21:47:01.053 DEBUG 9088 --- [http-nio-54728-exec-1] o.s.web.servlet.DispatcherServlet        : Unable to locate RequestToViewNameTranslator with name 'viewNameTranslator': using default [org.springframework.web.servlet.view.DefaultRequestToViewNameTranslator@1941f3fa]
2017-10-28 21:47:01.071 DEBUG 9088 --- [http-nio-54728-exec-1] o.s.web.servlet.DispatcherServlet        : Unable to locate FlashMapManager with name 'flashMapManager': using default [org.springframework.web.servlet.support.SessionFlashMapManager@2bea800a]
2017-10-28 21:47:01.072 DEBUG 9088 --- [http-nio-54728-exec-1] o.s.web.servlet.DispatcherServlet        : Published WebApplicationContext of servlet 'dispatcherServlet' as ServletContext attribute with name [org.springframework.web.servlet.FrameworkServlet.CONTEXT.dispatcherServlet]
2017-10-28 21:47:01.072  INFO 9088 --- [http-nio-54728-exec-1] o.s.web.servlet.DispatcherServlet        : FrameworkServlet 'dispatcherServlet': initialization completed in 69 ms
2017-10-28 21:47:01.072 DEBUG 9088 --- [http-nio-54728-exec-1] o.s.web.servlet.DispatcherServlet        : Servlet 'dispatcherServlet' configured successfully
2017-10-28 21:47:01.096 DEBUG 9088 --- [http-nio-54728-exec-1] o.s.web.servlet.DispatcherServlet        : DispatcherServlet with name 'dispatcherServlet' processing GET request for [/journal/]
2017-10-28 21:47:01.100 DEBUG 9088 --- [http-nio-54728-exec-1] s.w.s.m.m.a.RequestMappingHandlerMapping : Looking up handler method for path /journal/
2017-10-28 21:47:01.108 DEBUG 9088 --- [http-nio-54728-exec-1] s.w.s.m.m.a.RequestMappingHandlerMapping : Did not find handler method for [/journal/]
2017-10-28 21:47:01.109 DEBUG 9088 --- [http-nio-54728-exec-1] o.s.w.s.handler.SimpleUrlHandlerMapping  : Matching patterns for request [/journal/] are [/**]
2017-10-28 21:47:01.110 DEBUG 9088 --- [http-nio-54728-exec-1] o.s.w.s.handler.SimpleUrlHandlerMapping  : URI Template variables for request [/journal/] are {}
2017-10-28 21:47:01.112 DEBUG 9088 --- [http-nio-54728-exec-1] o.s.w.s.handler.SimpleUrlHandlerMapping  : Mapping [/journal/] to HandlerExecutionChain with handler [ResourceHttpRequestHandler [locations=[ServletContext resource [/], class path resource [META-INF/resources/], class path resource [resources/], class path resource [static/], class path resource [public/]], resolvers=[org.springframework.web.servlet.resource.PathResourceResolver@666b83a4]]] and 1 interceptor
2017-10-28 21:47:01.112 DEBUG 9088 --- [http-nio-54728-exec-1] o.s.web.servlet.DispatcherServlet        : Last-Modified value for [/journal/] is: -1
2017-10-28 21:47:01.123 DEBUG 9088 --- [http-nio-54728-exec-1] o.s.web.servlet.DispatcherServlet        : Null ModelAndView returned to DispatcherServlet with name 'dispatcherServlet': assuming HandlerAdapter completed request handling
2017-10-28 21:47:01.124 DEBUG 9088 --- [http-nio-54728-exec-1] o.s.web.servlet.DispatcherServlet        : Successfully completed request
2017-10-28 21:47:01.132 DEBUG 9088 --- [http-nio-54728-exec-1] o.s.web.servlet.DispatcherServlet        : DispatcherServlet with name 'dispatcherServlet' processing GET request for [/error]
2017-10-28 21:47:01.132 DEBUG 9088 --- [http-nio-54728-exec-1] s.w.s.m.m.a.RequestMappingHandlerMapping : Looking up handler method for path /error
2017-10-28 21:47:01.138 DEBUG 9088 --- [http-nio-54728-exec-1] s.w.s.m.m.a.RequestMappingHandlerMapping : Returning handler method [public org.springframework.web.servlet.ModelAndView org.springframework.boot.autoconfigure.web.BasicErrorController.errorHtml(javax.servlet.http.HttpServletRequest,javax.servlet.http.HttpServletResponse)]
2017-10-28 21:47:01.138 DEBUG 9088 --- [http-nio-54728-exec-1] o.s.web.servlet.DispatcherServlet        : Last-Modified value for [/error] is: -1
2017-10-28 21:47:01.199 DEBUG 9088 --- [http-nio-54728-exec-1] o.s.w.s.v.ContentNegotiatingViewResolver : Requested media types are [text/html, text/html;q=0.8] based on Accept header types and producible media types [text/html])
2017-10-28 21:47:01.232 DEBUG 9088 --- [http-nio-54728-exec-1] o.s.w.s.v.ContentNegotiatingViewResolver : Returning [org.springframework.boot.autoconfigure.web.ErrorMvcAutoConfiguration$SpelView@398d8c83] based on requested media type 'text/html'
2017-10-28 21:47:01.232 DEBUG 9088 --- [http-nio-54728-exec-1] o.s.web.servlet.DispatcherServlet        : Rendering view [org.springframework.boot.autoconfigure.web.ErrorMvcAutoConfiguration$SpelView@398d8c83] in DispatcherServlet with name 'dispatcherServlet'
2017-10-28 21:47:01.306 DEBUG 9088 --- [http-nio-54728-exec-1] o.s.web.servlet.DispatcherServlet        : Successfully completed request
2017-10-28 21:47:01.350 DEBUG 9088 --- [http-nio-54728-exec-2] o.s.web.servlet.DispatcherServlet        : DispatcherServlet with name 'dispatcherServlet' processing GET request for [/favicon.ico]
2017-10-28 21:47:01.350 DEBUG 9088 --- [http-nio-54728-exec-2] o.s.w.s.handler.SimpleUrlHandlerMapping  : Matching patterns for request [/favicon.ico] are [/**/favicon.ico]
2017-10-28 21:47:01.351 DEBUG 9088 --- [http-nio-54728-exec-2] o.s.w.s.handler.SimpleUrlHandlerMapping  : URI Template variables for request [/favicon.ico] are {}
2017-10-28 21:47:01.351 DEBUG 9088 --- [http-nio-54728-exec-2] o.s.w.s.handler.SimpleUrlHandlerMapping  : Mapping [/favicon.ico] to HandlerExecutionChain with handler [ResourceHttpRequestHandler [locations=[ServletContext resource [/], class path resource [META-INF/resources/], class path resource [resources/], class path resource [static/], class path resource [public/], class path resource []], resolvers=[org.springframework.web.servlet.resource.PathResourceResolver@55b5f5d2]]] and 1 interceptor
2017-10-28 21:47:01.351 DEBUG 9088 --- [http-nio-54728-exec-2] o.s.web.servlet.DispatcherServlet        : Last-Modified value for [/favicon.ico] is: -1
2017-10-28 21:47:01.391 DEBUG 9088 --- [http-nio-54728-exec-2] o.s.web.servlet.DispatcherServlet        : Null ModelAndView returned to DispatcherServlet with name 'dispatcherServlet': assuming HandlerAdapter completed request handling
2017-10-28 21:47:01.392 DEBUG 9088 --- [http-nio-54728-exec-2] o.s.web.servlet.DispatcherServlet        : Successfully completed request
2017-10-28 21:47:05.777 DEBUG 9088 --- [http-nio-54728-exec-3] o.s.web.servlet.DispatcherServlet        : DispatcherServlet with name 'dispatcherServlet' processing GET request for [/journal/info]
2017-10-28 21:47:05.779 DEBUG 9088 --- [http-nio-54728-exec-3] s.w.s.m.m.a.RequestMappingHandlerMapping : Looking up handler method for path /journal/info
2017-10-28 21:47:05.780 DEBUG 9088 --- [http-nio-54728-exec-3] s.w.s.m.m.a.RequestMappingHandlerMapping : Did not find handler method for [/journal/info]
2017-10-28 21:47:05.781 DEBUG 9088 --- [http-nio-54728-exec-3] o.s.w.s.handler.SimpleUrlHandlerMapping  : Matching patterns for request [/journal/info] are [/**]
2017-10-28 21:47:05.781 DEBUG 9088 --- [http-nio-54728-exec-3] o.s.w.s.handler.SimpleUrlHandlerMapping  : URI Template variables for request [/journal/info] are {}
2017-10-28 21:47:05.781 DEBUG 9088 --- [http-nio-54728-exec-3] o.s.w.s.handler.SimpleUrlHandlerMapping  : Mapping [/journal/info] to HandlerExecutionChain with handler [ResourceHttpRequestHandler [locations=[ServletContext resource [/], class path resource [META-INF/resources/], class path resource [resources/], class path resource [static/], class path resource [public/]], resolvers=[org.springframework.web.servlet.resource.PathResourceResolver@666b83a4]]] and 1 interceptor
2017-10-28 21:47:05.781 DEBUG 9088 --- [http-nio-54728-exec-3] o.s.web.servlet.DispatcherServlet        : Last-Modified value for [/journal/info] is: -1
2017-10-28 21:47:05.786 DEBUG 9088 --- [http-nio-54728-exec-3] o.s.web.servlet.DispatcherServlet        : Null ModelAndView returned to DispatcherServlet with name 'dispatcherServlet': assuming HandlerAdapter completed request handling
2017-10-28 21:47:05.786 DEBUG 9088 --- [http-nio-54728-exec-3] o.s.web.servlet.DispatcherServlet        : Successfully completed request
2017-10-28 21:47:05.787 DEBUG 9088 --- [http-nio-54728-exec-3] o.s.web.servlet.DispatcherServlet        : DispatcherServlet with name 'dispatcherServlet' processing GET request for [/error]
2017-10-28 21:47:05.787 DEBUG 9088 --- [http-nio-54728-exec-3] s.w.s.m.m.a.RequestMappingHandlerMapping : Looking up handler method for path /error
2017-10-28 21:47:05.789 DEBUG 9088 --- [http-nio-54728-exec-3] s.w.s.m.m.a.RequestMappingHandlerMapping : Returning handler method [public org.springframework.web.servlet.ModelAndView org.springframework.boot.autoconfigure.web.BasicErrorController.errorHtml(javax.servlet.http.HttpServletRequest,javax.servlet.http.HttpServletResponse)]
2017-10-28 21:47:05.789 DEBUG 9088 --- [http-nio-54728-exec-3] o.s.web.servlet.DispatcherServlet        : Last-Modified value for [/error] is: -1
2017-10-28 21:47:05.798 DEBUG 9088 --- [http-nio-54728-exec-3] o.s.w.s.v.ContentNegotiatingViewResolver : Requested media types are [text/html, text/html;q=0.8] based on Accept header types and producible media types [text/html])
2017-10-28 21:47:05.798 DEBUG 9088 --- [http-nio-54728-exec-3] o.s.w.s.v.ContentNegotiatingViewResolver : Returning [org.springframework.boot.autoconfigure.web.ErrorMvcAutoConfiguration$SpelView@398d8c83] based on requested media type 'text/html'
2017-10-28 21:47:05.798 DEBUG 9088 --- [http-nio-54728-exec-3] o.s.web.servlet.DispatcherServlet        : Rendering view [org.springframework.boot.autoconfigure.web.ErrorMvcAutoConfiguration$SpelView@398d8c83] in DispatcherServlet with name 'dispatcherServlet'
2017-10-28 21:47:05.798 DEBUG 9088 --- [http-nio-54728-exec-3] o.s.web.servlet.DispatcherServlet        : Successfully completed request
2017-10-28 21:49:21.185 DEBUG 9088 --- [http-nio-54728-exec-5] o.s.web.servlet.DispatcherServlet        : DispatcherServlet with name 'dispatcherServlet' processing GET request for [/1/journal/info]
2017-10-28 21:49:21.185 DEBUG 9088 --- [http-nio-54728-exec-5] s.w.s.m.m.a.RequestMappingHandlerMapping : Looking up handler method for path /1/journal/info
2017-10-28 21:49:21.186 DEBUG 9088 --- [http-nio-54728-exec-5] s.w.s.m.m.a.RequestMappingHandlerMapping : Did not find handler method for [/1/journal/info]
2017-10-28 21:49:21.186 DEBUG 9088 --- [http-nio-54728-exec-5] o.s.w.s.handler.SimpleUrlHandlerMapping  : Matching patterns for request [/1/journal/info] are [/**]
2017-10-28 21:49:21.186 DEBUG 9088 --- [http-nio-54728-exec-5] o.s.w.s.handler.SimpleUrlHandlerMapping  : URI Template variables for request [/1/journal/info] are {}
2017-10-28 21:49:21.187 DEBUG 9088 --- [http-nio-54728-exec-5] o.s.w.s.handler.SimpleUrlHandlerMapping  : Mapping [/1/journal/info] to HandlerExecutionChain with handler [ResourceHttpRequestHandler [locations=[ServletContext resource [/], class path resource [META-INF/resources/], class path resource [resources/], class path resource [static/], class path resource [public/]], resolvers=[org.springframework.web.servlet.resource.PathResourceResolver@666b83a4]]] and 1 interceptor
2017-10-28 21:49:21.187 DEBUG 9088 --- [http-nio-54728-exec-5] o.s.web.servlet.DispatcherServlet        : Last-Modified value for [/1/journal/info] is: -1
2017-10-28 21:49:21.192 DEBUG 9088 --- [http-nio-54728-exec-5] o.s.web.servlet.DispatcherServlet        : Null ModelAndView returned to DispatcherServlet with name 'dispatcherServlet': assuming HandlerAdapter completed request handling
2017-10-28 21:49:21.192 DEBUG 9088 --- [http-nio-54728-exec-5] o.s.web.servlet.DispatcherServlet        : Successfully completed request
2017-10-28 21:49:21.194 DEBUG 9088 --- [http-nio-54728-exec-5] o.s.web.servlet.DispatcherServlet        : DispatcherServlet with name 'dispatcherServlet' processing GET request for [/error]
2017-10-28 21:49:21.195 DEBUG 9088 --- [http-nio-54728-exec-5] s.w.s.m.m.a.RequestMappingHandlerMapping : Looking up handler method for path /error
2017-10-28 21:49:21.196 DEBUG 9088 --- [http-nio-54728-exec-5] s.w.s.m.m.a.RequestMappingHandlerMapping : Returning handler method [public org.springframework.web.servlet.ModelAndView org.springframework.boot.autoconfigure.web.BasicErrorController.errorHtml(javax.servlet.http.HttpServletRequest,javax.servlet.http.HttpServletResponse)]
2017-10-28 21:49:21.197 DEBUG 9088 --- [http-nio-54728-exec-5] o.s.web.servlet.DispatcherServlet        : Last-Modified value for [/error] is: -1
2017-10-28 21:49:21.213 DEBUG 9088 --- [http-nio-54728-exec-5] o.s.w.s.v.ContentNegotiatingViewResolver : Requested media types are [text/html, text/html;q=0.8] based on Accept header types and producible media types [text/html])
2017-10-28 21:49:21.213 DEBUG 9088 --- [http-nio-54728-exec-5] o.s.w.s.v.ContentNegotiatingViewResolver : Returning [org.springframework.boot.autoconfigure.web.ErrorMvcAutoConfiguration$SpelView@398d8c83] based on requested media type 'text/html'
2017-10-28 21:49:21.213 DEBUG 9088 --- [http-nio-54728-exec-5] o.s.web.servlet.DispatcherServlet        : Rendering view [org.springframework.boot.autoconfigure.web.ErrorMvcAutoConfiguration$SpelView@398d8c83] in DispatcherServlet with name 'dispatcherServlet'
2017-10-28 21:49:21.213 DEBUG 9088 --- [http-nio-54728-exec-5] o.s.web.servlet.DispatcherServlet        : Successfully completed request
2017-10-28 21:49:52.355 DEBUG 9088 --- [http-nio-54728-exec-6] o.s.web.servlet.DispatcherServlet        : DispatcherServlet with name 'dispatcherServlet' processing GET request for [/journal/1/info]
2017-10-28 21:49:52.356 DEBUG 9088 --- [http-nio-54728-exec-6] s.w.s.m.m.a.RequestMappingHandlerMapping : Looking up handler method for path /journal/1/info
2017-10-28 21:49:52.356 DEBUG 9088 --- [http-nio-54728-exec-6] s.w.s.m.m.a.RequestMappingHandlerMapping : Did not find handler method for [/journal/1/info]
2017-10-28 21:49:52.357 DEBUG 9088 --- [http-nio-54728-exec-6] o.s.w.s.handler.SimpleUrlHandlerMapping  : Matching patterns for request [/journal/1/info] are [/**]
2017-10-28 21:49:52.357 DEBUG 9088 --- [http-nio-54728-exec-6] o.s.w.s.handler.SimpleUrlHandlerMapping  : URI Template variables for request [/journal/1/info] are {}
2017-10-28 21:49:52.358 DEBUG 9088 --- [http-nio-54728-exec-6] o.s.w.s.handler.SimpleUrlHandlerMapping  : Mapping [/journal/1/info] to HandlerExecutionChain with handler [ResourceHttpRequestHandler [locations=[ServletContext resource [/], class path resource [META-INF/resources/], class path resource [resources/], class path resource [static/], class path resource [public/]], resolvers=[org.springframework.web.servlet.resource.PathResourceResolver@666b83a4]]] and 1 interceptor
2017-10-28 21:49:52.358 DEBUG 9088 --- [http-nio-54728-exec-6] o.s.web.servlet.DispatcherServlet        : Last-Modified value for [/journal/1/info] is: -1
2017-10-28 21:49:52.363 DEBUG 9088 --- [http-nio-54728-exec-6] o.s.web.servlet.DispatcherServlet        : Null ModelAndView returned to DispatcherServlet with name 'dispatcherServlet': assuming HandlerAdapter completed request handling
2017-10-28 21:49:52.363 DEBUG 9088 --- [http-nio-54728-exec-6] o.s.web.servlet.DispatcherServlet        : Successfully completed request
2017-10-28 21:49:52.364 DEBUG 9088 --- [http-nio-54728-exec-6] o.s.web.servlet.DispatcherServlet        : DispatcherServlet with name 'dispatcherServlet' processing GET request for [/error]
2017-10-28 21:49:52.364 DEBUG 9088 --- [http-nio-54728-exec-6] s.w.s.m.m.a.RequestMappingHandlerMapping : Looking up handler method for path /error
2017-10-28 21:49:52.365 DEBUG 9088 --- [http-nio-54728-exec-6] s.w.s.m.m.a.RequestMappingHandlerMapping : Returning handler method [public org.springframework.web.servlet.ModelAndView org.springframework.boot.autoconfigure.web.BasicErrorController.errorHtml(javax.servlet.http.HttpServletRequest,javax.servlet.http.HttpServletResponse)]
2017-10-28 21:49:52.365 DEBUG 9088 --- [http-nio-54728-exec-6] o.s.web.servlet.DispatcherServlet        : Last-Modified value for [/error] is: -1
2017-10-28 21:49:52.380 DEBUG 9088 --- [http-nio-54728-exec-6] o.s.w.s.v.ContentNegotiatingViewResolver : Requested media types are [text/html, text/html;q=0.8] based on Accept header types and producible media types [text/html])
2017-10-28 21:49:52.380 DEBUG 9088 --- [http-nio-54728-exec-6] o.s.w.s.v.ContentNegotiatingViewResolver : Returning [org.springframework.boot.autoconfigure.web.ErrorMvcAutoConfiguration$SpelView@398d8c83] based on requested media type 'text/html'
2017-10-28 21:49:52.380 DEBUG 9088 --- [http-nio-54728-exec-6] o.s.web.servlet.DispatcherServlet        : Rendering view [org.springframework.boot.autoconfigure.web.ErrorMvcAutoConfiguration$SpelView@398d8c83] in DispatcherServlet with name 'dispatcherServlet'
2017-10-28 21:49:52.380 DEBUG 9088 --- [http-nio-54728-exec-6] o.s.web.servlet.DispatcherServlet        : Successfully completed request
2017-10-28 21:50:10.778  INFO 9088 --- [http-nio-54728-exec-7] com.journal.endpoint.Endpoint            : msInfo GET METHOD STARTED
2017-10-28 21:50:10.778  INFO 9088 --- [http-nio-54728-exec-7] com.journal.endpoint.Endpoint            : msInfo GET METHOD DONE -- TOOK 0 millis
2017-10-28 22:03:49.121 DEBUG 8724 --- [main] o.s.w.c.s.StandardServletEnvironment     : Adding [servletConfigInitParams] PropertySource with lowest search precedence
2017-10-28 22:03:49.130 DEBUG 8724 --- [main] o.s.w.c.s.StandardServletEnvironment     : Adding [servletContextInitParams] PropertySource with lowest search precedence
2017-10-28 22:03:49.131 DEBUG 8724 --- [main] o.s.w.c.s.StandardServletEnvironment     : Adding [systemProperties] PropertySource with lowest search precedence
2017-10-28 22:03:49.131 DEBUG 8724 --- [main] o.s.w.c.s.StandardServletEnvironment     : Adding [systemEnvironment] PropertySource with lowest search precedence
2017-10-28 22:03:49.131 DEBUG 8724 --- [main] o.s.w.c.s.StandardServletEnvironment     : Initialized StandardServletEnvironment with PropertySources [servletConfigInitParams,servletContextInitParams,systemProperties,systemEnvironment]
2017-10-28 22:03:49.351  INFO 8724 --- [main] com.journal.JournalApplication           : Starting JournalApplication v1,0-SNAPSHOT on VenD-IrtazaZaidi with PID 8724 (C:\Users\Venturedive\Documents\FYP\journal\target\journal.jar started by Venturedive in C:\Users\Venturedive\Documents\FYP\journal)
2017-10-28 22:03:49.351  INFO 8724 --- [main] com.journal.JournalApplication           : The following profiles are active: dev
2017-10-28 22:03:50.258  INFO 8724 --- [main] ationConfigEmbeddedWebApplicationContext : Refreshing org.springframework.boot.context.embedded.AnnotationConfigEmbeddedWebApplicationContext@290dbf45: startup date [Sat Oct 28 22:03:50 PKT 2017]; root of context hierarchy
2017-10-28 22:03:52.131  INFO 8724 --- [main] o.s.b.f.s.DefaultListableBeanFactory     : Overriding bean definition for bean 'requestContextFilter' with a different definition: replacing [Root bean: class [null]; scope=; abstract=false; lazyInit=false; autowireMode=3; dependencyCheck=0; autowireCandidate=true; primary=false; factoryBeanName=org.springframework.boot.autoconfigure.jersey.JerseyAutoConfiguration; factoryMethodName=requestContextFilter; initMethodName=null; destroyMethodName=(inferred); defined in class path resource [org/springframework/boot/autoconfigure/jersey/JerseyAutoConfiguration.class]] with [Root bean: class [org.springframework.boot.autoconfigure.web.WebMvcAutoConfiguration$WebMvcAutoConfigurationAdapter]; scope=; abstract=false; lazyInit=false; autowireMode=3; dependencyCheck=0; autowireCandidate=true; primary=false; factoryBeanName=null; factoryMethodName=requestContextFilter; initMethodName=null; destroyMethodName=(inferred); defined in class path resource [org/springframework/boot/autoconfigure/web/WebMvcAutoConfiguration$WebMvcAutoConfigurationAdapter.class]]
2017-10-28 22:03:52.534 DEBUG 8724 --- [main] o.s.w.c.s.StandardServletEnvironment     : Adding [applicationConfig: [classpath:/application-dev.properties]] PropertySource with search precedence immediately lower than [applicationConfigurationProperties]
2017-10-28 22:03:52.535 DEBUG 8724 --- [main] o.s.w.c.s.StandardServletEnvironment     : Adding [applicationConfig: [classpath:/application.properties]] PropertySource with search precedence immediately lower than [applicationConfig: [classpath:/application-dev.properties]]
2017-10-28 22:03:52.536 DEBUG 8724 --- [main] o.s.w.c.s.StandardServletEnvironment     : Removing [applicationConfigurationProperties] PropertySource
2017-10-28 22:03:52.537 DEBUG 8724 --- [main] o.s.w.c.s.StandardServletEnvironment     : Removing [defaultProperties] PropertySource
2017-10-28 22:03:52.650  INFO 8724 --- [main] f.a.AutowiredAnnotationBeanPostProcessor : JSR-330 'javax.inject.Inject' annotation found and supported for autowiring
2017-10-28 22:03:54.129  INFO 8724 --- [main] s.b.c.e.t.TomcatEmbeddedServletContainer : Tomcat initialized with port(s): 54728 (http)
2017-10-28 22:03:54.154  INFO 8724 --- [main] o.apache.catalina.core.StandardService   : Starting service [Tomcat]
2017-10-28 22:03:54.159  INFO 8724 --- [main] org.apache.catalina.core.StandardEngine  : Starting Servlet Engine: Apache Tomcat/8.5.15
2017-10-28 22:03:54.444  INFO 8724 --- [localhost-startStop-1] o.a.c.c.C.[Tomcat].[localhost].[/]       : Initializing Spring embedded WebApplicationContext
2017-10-28 22:03:54.446 DEBUG 8724 --- [localhost-startStop-1] o.s.web.context.ContextLoader            : Published root WebApplicationContext as ServletContext attribute with name [org.springframework.web.context.WebApplicationContext.ROOT]
2017-10-28 22:03:54.446  INFO 8724 --- [localhost-startStop-1] o.s.web.context.ContextLoader            : Root WebApplicationContext: initialization completed in 4191 ms
2017-10-28 22:03:55.097  INFO 8724 --- [localhost-startStop-1] org.reflections.Reflections              : Reflections took 173 ms to scan 1 urls, producing 45 keys and 55 values 
2017-10-28 22:03:56.601  INFO 8724 --- [localhost-startStop-1] o.s.b.w.servlet.FilterRegistrationBean   : Mapping filter: 'characterEncodingFilter' to: [/*]
2017-10-28 22:03:56.602  INFO 8724 --- [localhost-startStop-1] o.s.b.w.servlet.FilterRegistrationBean   : Mapping filter: 'hiddenHttpMethodFilter' to: [/*]
2017-10-28 22:03:56.602  INFO 8724 --- [localhost-startStop-1] o.s.b.w.servlet.FilterRegistrationBean   : Mapping filter: 'httpPutFormContentFilter' to: [/*]
2017-10-28 22:03:56.603  INFO 8724 --- [localhost-startStop-1] o.s.b.w.servlet.FilterRegistrationBean   : Mapping filter: 'requestContextFilter' to: [/*]
2017-10-28 22:03:56.604  INFO 8724 --- [localhost-startStop-1] o.s.b.w.servlet.FilterRegistrationBean   : Mapping filter: 'jerseyFilter' to urls: [/journal/*]
2017-10-28 22:03:56.605  INFO 8724 --- [localhost-startStop-1] o.s.b.w.servlet.ServletRegistrationBean  : Mapping servlet: 'dispatcherServlet' to [/]
2017-10-28 22:03:58.008 ERROR 8724 --- [localhost-startStop-1] org.glassfish.jersey.internal.Errors     : Following issues have been detected: 
WARNING: No injection source found for a parameter of type public javax.ws.rs.core.Response com.journal.endpoint.Endpoint.postfile(java.lang.String,com.sun.jersey.core.header.FormDataContentDisposition,java.io.InputStream) throws java.io.IOException at index 1.

2017-10-28 22:03:58.015 ERROR 8724 --- [localhost-startStop-1] o.a.c.c.C.[Tomcat].[localhost].[/]       : Exception starting filter [jerseyFilter]

org.glassfish.jersey.server.model.ModelValidationException: Validation of the application resource model has failed during application initialization.
[[FATAL] No injection source found for a parameter of type public javax.ws.rs.core.Response com.journal.endpoint.Endpoint.postfile(java.lang.String,com.sun.jersey.core.header.FormDataContentDisposition,java.io.InputStream) throws java.io.IOException at index 1.; source='ResourceMethod{httpMethod=POST, consumedTypes=[multipart/form-data], producedTypes=[], suspended=false, suspendTimeout=0, suspendTimeoutUnit=MILLISECONDS, invocable=Invocable{handler=ClassBasedMethodHandler{handlerClass=class com.journal.endpoint.Endpoint, handlerConstructors=[org.glassfish.jersey.server.model.HandlerConstructor@2c236fbf]}, definitionMethod=public javax.ws.rs.core.Response com.journal.endpoint.Endpoint.postfile(java.lang.String,com.sun.jersey.core.header.FormDataContentDisposition,java.io.InputStream) throws java.io.IOException, parameters=[Parameter [type=class java.lang.String, source=fileKey, defaultValue=null], Parameter [type=class com.sun.jersey.core.header.FormDataContentDisposition, source=Filedata, defaultValue=null], Parameter [type=class java.io.InputStream, source=Filedata, defaultValue=null]], responseType=class javax.ws.rs.core.Response}, nameBindings=[]}']
	at org.glassfish.jersey.server.ApplicationHandler.initialize(ApplicationHandler.java:555) ~[jersey-server-2.25.1.jar!/:na]
	at org.glassfish.jersey.server.ApplicationHandler.access$500(ApplicationHandler.java:184) ~[jersey-server-2.25.1.jar!/:na]
	at org.glassfish.jersey.server.ApplicationHandler$3.call(ApplicationHandler.java:350) ~[jersey-server-2.25.1.jar!/:na]
	at org.glassfish.jersey.server.ApplicationHandler$3.call(ApplicationHandler.java:347) ~[jersey-server-2.25.1.jar!/:na]
	at org.glassfish.jersey.internal.Errors.process(Errors.java:315) ~[jersey-common-2.25.1.jar!/:na]
	at org.glassfish.jersey.internal.Errors.process(Errors.java:297) ~[jersey-common-2.25.1.jar!/:na]
	at org.glassfish.jersey.internal.Errors.processWithException(Errors.java:255) ~[jersey-common-2.25.1.jar!/:na]
	at org.glassfish.jersey.server.ApplicationHandler.<init>(ApplicationHandler.java:347) ~[jersey-server-2.25.1.jar!/:na]
	at org.glassfish.jersey.servlet.WebComponent.<init>(WebComponent.java:392) ~[jersey-container-servlet-core-2.25.1.jar!/:na]
	at org.glassfish.jersey.servlet.ServletContainer.init(ServletContainer.java:177) ~[jersey-container-servlet-core-2.25.1.jar!/:na]
	at org.glassfish.jersey.servlet.ServletContainer.init(ServletContainer.java:415) ~[jersey-container-servlet-core-2.25.1.jar!/:na]
	at org.apache.catalina.core.ApplicationFilterConfig.initFilter(ApplicationFilterConfig.java:285) ~[tomcat-embed-core-8.5.15.jar!/:8.5.15]
	at org.apache.catalina.core.ApplicationFilterConfig.<init>(ApplicationFilterConfig.java:112) ~[tomcat-embed-core-8.5.15.jar!/:8.5.15]
	at org.apache.catalina.core.StandardContext.filterStart(StandardContext.java:4590) [tomcat-embed-core-8.5.15.jar!/:8.5.15]
	at org.apache.catalina.core.StandardContext.startInternal(StandardContext.java:5233) [tomcat-embed-core-8.5.15.jar!/:8.5.15]
	at org.apache.catalina.util.LifecycleBase.start(LifecycleBase.java:150) [tomcat-embed-core-8.5.15.jar!/:8.5.15]
	at org.apache.catalina.core.ContainerBase$StartChild.call(ContainerBase.java:1419) [tomcat-embed-core-8.5.15.jar!/:8.5.15]
	at org.apache.catalina.core.ContainerBase$StartChild.call(ContainerBase.java:1409) [tomcat-embed-core-8.5.15.jar!/:8.5.15]
	at java.util.concurrent.FutureTask.run(FutureTask.java:266) [na:1.8.0_51]
	at java.util.concurrent.ThreadPoolExecutor.runWorker(ThreadPoolExecutor.java:1142) [na:1.8.0_51]
	at java.util.concurrent.ThreadPoolExecutor$Worker.run(ThreadPoolExecutor.java:617) [na:1.8.0_51]
	at java.lang.Thread.run(Thread.java:745) [na:1.8.0_51]

2017-10-28 22:03:58.016 ERROR 8724 --- [localhost-startStop-1] o.apache.catalina.core.StandardContext   : One or more Filters failed to start. Full details will be found in the appropriate container log file
2017-10-28 22:03:58.016 ERROR 8724 --- [localhost-startStop-1] o.apache.catalina.core.StandardContext   : Context [] startup failed due to previous errors
2017-10-28 22:03:58.034  WARN 8724 --- [main] ationConfigEmbeddedWebApplicationContext : Exception encountered during context initialization - cancelling refresh attempt: org.springframework.context.ApplicationContextException: Unable to start embedded container; nested exception is org.springframework.boot.context.embedded.EmbeddedServletContainerException: Unable to start embedded Tomcat
2017-10-28 22:03:58.046  INFO 8724 --- [main] utoConfigurationReportLoggingInitializer : 

Error starting ApplicationContext. To display the auto-configuration report re-run your application with 'debug' enabled.
2017-10-28 22:03:58.052 ERROR 8724 --- [main] o.s.boot.SpringApplication               : Application startup failed

org.springframework.context.ApplicationContextException: Unable to start embedded container; nested exception is org.springframework.boot.context.embedded.EmbeddedServletContainerException: Unable to start embedded Tomcat
	at org.springframework.boot.context.embedded.EmbeddedWebApplicationContext.onRefresh(EmbeddedWebApplicationContext.java:137) ~[spring-boot-1.5.4.RELEASE.jar!/:1.5.4.RELEASE]
	at org.springframework.context.support.AbstractApplicationContext.refresh(AbstractApplicationContext.java:537) ~[spring-context-4.3.9.RELEASE.jar!/:4.3.9.RELEASE]
	at org.springframework.boot.context.embedded.EmbeddedWebApplicationContext.refresh(EmbeddedWebApplicationContext.java:122) ~[spring-boot-1.5.4.RELEASE.jar!/:1.5.4.RELEASE]
	at org.springframework.boot.SpringApplication.refresh(SpringApplication.java:693) [spring-boot-1.5.4.RELEASE.jar!/:1.5.4.RELEASE]
	at org.springframework.boot.SpringApplication.refreshContext(SpringApplication.java:360) [spring-boot-1.5.4.RELEASE.jar!/:1.5.4.RELEASE]
	at org.springframework.boot.SpringApplication.run(SpringApplication.java:303) [spring-boot-1.5.4.RELEASE.jar!/:1.5.4.RELEASE]
	at org.springframework.boot.SpringApplication.run(SpringApplication.java:1118) [spring-boot-1.5.4.RELEASE.jar!/:1.5.4.RELEASE]
	at org.springframework.boot.SpringApplication.run(SpringApplication.java:1107) [spring-boot-1.5.4.RELEASE.jar!/:1.5.4.RELEASE]
	at com.journal.JournalApplication.main(JournalApplication.java:10) [classes!/:1,0-SNAPSHOT]
	at sun.reflect.NativeMethodAccessorImpl.invoke0(Native Method) ~[na:1.8.0_51]
	at sun.reflect.NativeMethodAccessorImpl.invoke(NativeMethodAccessorImpl.java:62) ~[na:1.8.0_51]
	at sun.reflect.DelegatingMethodAccessorImpl.invoke(DelegatingMethodAccessorImpl.java:43) ~[na:1.8.0_51]
	at java.lang.reflect.Method.invoke(Method.java:497) ~[na:1.8.0_51]
	at org.springframework.boot.loader.MainMethodRunner.run(MainMethodRunner.java:48) [journal.jar:1,0-SNAPSHOT]
	at org.springframework.boot.loader.Launcher.launch(Launcher.java:87) [journal.jar:1,0-SNAPSHOT]
	at org.springframework.boot.loader.Launcher.launch(Launcher.java:50) [journal.jar:1,0-SNAPSHOT]
	at org.springframework.boot.loader.JarLauncher.main(JarLauncher.java:51) [journal.jar:1,0-SNAPSHOT]
Caused by: org.springframework.boot.context.embedded.EmbeddedServletContainerException: Unable to start embedded Tomcat
	at org.springframework.boot.context.embedded.tomcat.TomcatEmbeddedServletContainer.initialize(TomcatEmbeddedServletContainer.java:123) ~[spring-boot-1.5.4.RELEASE.jar!/:1.5.4.RELEASE]
	at org.springframework.boot.context.embedded.tomcat.TomcatEmbeddedServletContainer.<init>(TomcatEmbeddedServletContainer.java:84) ~[spring-boot-1.5.4.RELEASE.jar!/:1.5.4.RELEASE]
	at org.springframework.boot.context.embedded.tomcat.TomcatEmbeddedServletContainerFactory.getTomcatEmbeddedServletContainer(TomcatEmbeddedServletContainerFactory.java:554) ~[spring-boot-1.5.4.RELEASE.jar!/:1.5.4.RELEASE]
	at org.springframework.boot.context.embedded.tomcat.TomcatEmbeddedServletContainerFactory.getEmbeddedServletContainer(TomcatEmbeddedServletContainerFactory.java:179) ~[spring-boot-1.5.4.RELEASE.jar!/:1.5.4.RELEASE]
	at org.springframework.boot.context.embedded.EmbeddedWebApplicationContext.createEmbeddedServletContainer(EmbeddedWebApplicationContext.java:164) ~[spring-boot-1.5.4.RELEASE.jar!/:1.5.4.RELEASE]
	at org.springframework.boot.context.embedded.EmbeddedWebApplicationContext.onRefresh(EmbeddedWebApplicationContext.java:134) ~[spring-boot-1.5.4.RELEASE.jar!/:1.5.4.RELEASE]
	... 16 common frames omitted
Caused by: java.lang.IllegalStateException: StandardEngine[Tomcat].StandardHost[localhost].TomcatEmbeddedContext[] failed to start
	at org.springframework.boot.context.embedded.tomcat.TomcatEmbeddedServletContainer.rethrowDeferredStartupExceptions(TomcatEmbeddedServletContainer.java:167) ~[spring-boot-1.5.4.RELEASE.jar!/:1.5.4.RELEASE]
	at org.springframework.boot.context.embedded.tomcat.TomcatEmbeddedServletContainer.initialize(TomcatEmbeddedServletContainer.java:102) ~[spring-boot-1.5.4.RELEASE.jar!/:1.5.4.RELEASE]
	... 21 common frames omitted

